Mon Nov 11 15:03:00 2024       
+-----------------------------------------------------------------------------------------+
| NVIDIA-SMI 560.35.03              Driver Version: 560.35.03      CUDA Version: 12.6     |
|-----------------------------------------+------------------------+----------------------+
| GPU  Name                 Persistence-M | Bus-Id          Disp.A | Volatile Uncorr. ECC |
| Fan  Temp   Perf          Pwr:Usage/Cap |           Memory-Usage | GPU-Util  Compute M. |
|                                         |                        |               MIG M. |
|=========================================+========================+======================|
|   0  Tesla V100-SXM2-32GB           On  |   00000000:16:00.0 Off |                    0 |
| N/A   37C    P0             44W /  300W |       1MiB /  32768MiB |      0%   E. Process |
|                                         |                        |                  N/A |
+-----------------------------------------+------------------------+----------------------+
                                                                                         
+-----------------------------------------------------------------------------------------+
| Processes:                                                                              |
|  GPU   GI   CI        PID   Type   Process name                              GPU Memory |
|        ID   ID                                                               Usage      |
|=========================================================================================|
|  No running processes found                                                             |
+-----------------------------------------------------------------------------------------+
Loading preprocessed datasets from ./processed_datasets
Loaded dataset from ./processed_datasets/physionet2012_1_pos.h5
Loaded dataset from ./processed_datasets/physionet2012_1_neg.h5
Loaded dataset from ./processed_datasets/physionet2012_1_val.h5
Loaded dataset from ./processed_datasets/physionet2012_1_test.h5
# of trainable parameters: 16448
Epoch: 1, Train Loss: 1.3727328072464655, Val Loss: 0.4955586791038513
Validation loss decreased (inf --> 0.209469).  Saving model ...
Epoch: 2, Train Loss: 1.299085679508391, Val Loss: 0.49310728907585144
Validation loss decreased (0.209469 --> 0.186024).  Saving model ...
Epoch: 3, Train Loss: 1.3595336297201732, Val Loss: 0.5121281743049622
Validation loss decreased (0.186024 --> 0.178252).  Saving model ...
Epoch: 4, Train Loss: 1.322277681458564, Val Loss: 0.4583539068698883
Validation loss decreased (0.178252 --> 0.178030).  Saving model ...
Epoch: 5, Train Loss: 1.257048371292296, Val Loss: 0.44184982776641846
Validation loss decreased (0.178030 --> 0.168492).  Saving model ...
Epoch: 6, Train Loss: 1.2402765266005955, Val Loss: 0.42307329177856445
EarlyStopping counter: 1 out of 10
Epoch: 7, Train Loss: 1.228613458455555, Val Loss: 0.4253452718257904
Validation loss decreased (0.168492 --> 0.167338).  Saving model ...
Epoch: 8, Train Loss: 1.2325718173431972, Val Loss: 0.3992871940135956
Validation loss decreased (0.167338 --> 0.162144).  Saving model ...
Epoch: 9, Train Loss: 1.21652866001167, Val Loss: 0.425597608089447
EarlyStopping counter: 1 out of 10
Epoch: 10, Train Loss: 1.2581979069444869, Val Loss: 0.42833754420280457
EarlyStopping counter: 2 out of 10
Epoch: 11, Train Loss: 1.198248923061386, Val Loss: 0.41887757182121277
Validation loss decreased (0.162144 --> 0.161436).  Saving model ...
Epoch: 12, Train Loss: 1.1883140114091693, Val Loss: 0.3968396782875061
EarlyStopping counter: 1 out of 10
Epoch: 13, Train Loss: 1.1831230239735708, Val Loss: 0.39552807807922363
EarlyStopping counter: 2 out of 10
Epoch: 14, Train Loss: 1.1777947980260093, Val Loss: 0.42616409063339233
EarlyStopping counter: 3 out of 10
Epoch: 15, Train Loss: 1.1537916099741345, Val Loss: 0.41317692399024963
EarlyStopping counter: 4 out of 10
Epoch: 16, Train Loss: 1.1494645533107577, Val Loss: 0.40065625309944153
EarlyStopping counter: 5 out of 10
Epoch: 17, Train Loss: 1.198873162742645, Val Loss: 0.41068851947784424
EarlyStopping counter: 6 out of 10
Epoch: 18, Train Loss: 1.164781155094268, Val Loss: 0.4100974500179291
EarlyStopping counter: 7 out of 10
Epoch: 19, Train Loss: 1.1487329632989944, Val Loss: 0.3906113803386688
EarlyStopping counter: 8 out of 10
Epoch: 20, Train Loss: 1.1426182824467856, Val Loss: 0.3918071389198303
EarlyStopping counter: 9 out of 10
Epoch: 21, Train Loss: 1.1280974573086178, Val Loss: 0.411281555891037
EarlyStopping counter: 10 out of 10
Early stopping
Test Loss: 0.40195322036743164
{'0': {'precision': 0.9437570303712036, 'recall': 0.816147859922179, 'f1-score': 0.8753260302556076, 'support': 1028}, '1': {'precision': 0.3903225806451613, 'recall': 0.7076023391812866, 'f1-score': 0.5031185031185031, 'support': 171}, 'accuracy': 0.8006672226855713, 'macro avg': {'precision': 0.6670398055081824, 'recall': 0.7618750995517327, 'f1-score': 0.6892222666870553, 'support': 1199}, 'weighted avg': {'precision': 0.8648268461317098, 'recall': 0.8006672226855713, 'f1-score': 0.8222422211309663, 'support': 1199}}
[[839 189]
 [ 50 121]]
Accuracy = 0.8006672226855713
AUPRC = 0.49950839346157216
AUROC = 0.8557182515302523
Loading preprocessed datasets from ./processed_datasets
Loaded dataset from ./processed_datasets/physionet2012_2_pos.h5
Loaded dataset from ./processed_datasets/physionet2012_2_neg.h5
Loaded dataset from ./processed_datasets/physionet2012_2_val.h5
Loaded dataset from ./processed_datasets/physionet2012_2_test.h5
# of trainable parameters: 16448
Epoch: 1, Train Loss: 1.3516355697065592, Val Loss: 0.48199090361595154
Validation loss decreased (inf --> 0.159284).  Saving model ...
Epoch: 2, Train Loss: 1.282464298652485, Val Loss: 0.4871302843093872
Validation loss decreased (0.159284 --> 0.155049).  Saving model ...
Epoch: 3, Train Loss: 1.2669219768140465, Val Loss: 0.4379650056362152
Validation loss decreased (0.155049 --> 0.152809).  Saving model ...
Epoch: 4, Train Loss: 1.2421631249599159, Val Loss: 0.49104422330856323
Validation loss decreased (0.152809 --> 0.148186).  Saving model ...
Epoch: 5, Train Loss: 1.2310272096656263, Val Loss: 0.47842153906822205
EarlyStopping counter: 1 out of 10
Epoch: 6, Train Loss: 1.219754439080134, Val Loss: 0.4592796266078949
Validation loss decreased (0.148186 --> 0.141059).  Saving model ...
Epoch: 7, Train Loss: 1.2082988983020186, Val Loss: 0.4365761876106262
EarlyStopping counter: 1 out of 10
Epoch: 8, Train Loss: 1.211652025114745, Val Loss: 0.44275370240211487
EarlyStopping counter: 2 out of 10
Epoch: 9, Train Loss: 1.195745293982327, Val Loss: 0.43102338910102844
Validation loss decreased (0.141059 --> 0.140586).  Saving model ...
Epoch: 10, Train Loss: 1.196192325791344, Val Loss: 0.4377818703651428
EarlyStopping counter: 1 out of 10
Epoch: 11, Train Loss: 1.2184489129576832, Val Loss: 0.42908474802970886
Validation loss decreased (0.140586 --> 0.140417).  Saving model ...
Epoch: 12, Train Loss: 1.1633729096502066, Val Loss: 0.4499371647834778
Validation loss decreased (0.140417 --> 0.139944).  Saving model ...
Epoch: 13, Train Loss: 1.1663756950292736, Val Loss: 0.41730228066444397
EarlyStopping counter: 1 out of 10
Epoch: 14, Train Loss: 1.1607669270597398, Val Loss: 0.3859100341796875
Validation loss decreased (0.139944 --> 0.137476).  Saving model ...
Epoch: 15, Train Loss: 1.142472943291068, Val Loss: 0.41407325863838196
EarlyStopping counter: 1 out of 10
Epoch: 16, Train Loss: 1.1516072526574135, Val Loss: 0.4013025760650635
Validation loss decreased (0.137476 --> 0.137221).  Saving model ...
Epoch: 17, Train Loss: 1.1464314984623343, Val Loss: 0.4056513011455536
EarlyStopping counter: 1 out of 10
Epoch: 18, Train Loss: 1.1225826058071107, Val Loss: 0.4136301577091217
EarlyStopping counter: 2 out of 10
Epoch: 19, Train Loss: 1.1306284540332854, Val Loss: 0.39121347665786743
EarlyStopping counter: 3 out of 10
Epoch: 20, Train Loss: 1.13665732415393, Val Loss: 0.4072585105895996
EarlyStopping counter: 4 out of 10
Epoch: 21, Train Loss: 1.1221441652160138, Val Loss: 0.42291685938835144
EarlyStopping counter: 5 out of 10
Epoch: 22, Train Loss: 1.1111288107931614, Val Loss: 0.40205299854278564
EarlyStopping counter: 6 out of 10
Epoch: 23, Train Loss: 1.1075585370417684, Val Loss: 0.3887421488761902
EarlyStopping counter: 7 out of 10
Epoch: 24, Train Loss: 1.1168040144257247, Val Loss: 0.3787963092327118
EarlyStopping counter: 8 out of 10
Epoch: 25, Train Loss: 1.1040367824025452, Val Loss: 0.3869619369506836
EarlyStopping counter: 9 out of 10
Epoch: 26, Train Loss: 1.1033520149067044, Val Loss: 0.3825622797012329
EarlyStopping counter: 10 out of 10
Early stopping
Test Loss: 0.40193238854408264
{'0': {'precision': 0.948237885462555, 'recall': 0.8278846153846153, 'f1-score': 0.8839835728952772, 'support': 1040}, '1': {'precision': 0.3848797250859107, 'recall': 0.7044025157232704, 'f1-score': 0.4977777777777777, 'support': 159}, 'accuracy': 0.8115095913261051, 'macro avg': {'precision': 0.6665588052742328, 'recall': 0.7661435655539428, 'f1-score': 0.6908806753365274, 'support': 1199}, 'weighted avg': {'precision': 0.8735306732024329, 'recall': 0.8115095913261051, 'f1-score': 0.8327686259197289, 'support': 1199}}
[[861 179]
 [ 47 112]]
Accuracy = 0.8115095913261051
AUPRC = 0.4776978659537763
AUROC = 0.840965166908563
Loading preprocessed datasets from ./processed_datasets
Loaded dataset from ./processed_datasets/physionet2012_3_pos.h5
Loaded dataset from ./processed_datasets/physionet2012_3_neg.h5
Loaded dataset from ./processed_datasets/physionet2012_3_val.h5
Loaded dataset from ./processed_datasets/physionet2012_3_test.h5
# of trainable parameters: 16448
Epoch: 1, Train Loss: 1.3224884008798075, Val Loss: 0.5227548480033875
Validation loss decreased (inf --> 0.154251).  Saving model ...
Epoch: 2, Train Loss: 1.2539023440184556, Val Loss: 0.4975314140319824
EarlyStopping counter: 1 out of 10
Epoch: 3, Train Loss: 1.2706827791187707, Val Loss: 0.49122926592826843
Validation loss decreased (0.154251 --> 0.149994).  Saving model ...
Epoch: 4, Train Loss: 1.2328727013013494, Val Loss: 0.49941539764404297
EarlyStopping counter: 1 out of 10
Epoch: 5, Train Loss: 1.247334535431674, Val Loss: 0.49703657627105713
EarlyStopping counter: 2 out of 10
Epoch: 6, Train Loss: 1.205081301176642, Val Loss: 0.5090559124946594
Validation loss decreased (0.149994 --> 0.147351).  Saving model ...
Epoch: 7, Train Loss: 1.1867427220494728, Val Loss: 0.48691678047180176
EarlyStopping counter: 1 out of 10
Epoch: 8, Train Loss: 1.2269675374969722, Val Loss: 0.527508556842804
EarlyStopping counter: 2 out of 10
Epoch: 9, Train Loss: 1.1762117095819609, Val Loss: 0.5438961982727051
EarlyStopping counter: 3 out of 10
Epoch: 10, Train Loss: 1.1712828529631998, Val Loss: 0.5076282024383545
EarlyStopping counter: 4 out of 10
Epoch: 11, Train Loss: 1.1455158588923806, Val Loss: 0.470936119556427
EarlyStopping counter: 5 out of 10
Epoch: 12, Train Loss: 1.2309273033160864, Val Loss: 0.4775589108467102
EarlyStopping counter: 6 out of 10
Epoch: 13, Train Loss: 1.1510122376164114, Val Loss: 0.4863991439342499
EarlyStopping counter: 7 out of 10
Epoch: 14, Train Loss: 1.1821269564271912, Val Loss: 0.5799601078033447
EarlyStopping counter: 8 out of 10
Epoch: 15, Train Loss: 1.1778280272727877, Val Loss: 0.4784455895423889
EarlyStopping counter: 9 out of 10
Epoch: 16, Train Loss: 1.1331330997737374, Val Loss: 0.5811483263969421
Validation loss decreased (0.147351 --> 0.145494).  Saving model ...
Epoch: 17, Train Loss: 1.1196931851661112, Val Loss: 0.529011070728302
EarlyStopping counter: 1 out of 10
Epoch: 18, Train Loss: 1.103857903264639, Val Loss: 0.5424898266792297
EarlyStopping counter: 2 out of 10
Epoch: 19, Train Loss: 1.1350981236442805, Val Loss: 0.5476047396659851
EarlyStopping counter: 3 out of 10
Epoch: 20, Train Loss: 1.106622364342682, Val Loss: 0.5108426809310913
EarlyStopping counter: 4 out of 10
Epoch: 21, Train Loss: 1.0962013865080404, Val Loss: 0.5489675998687744
EarlyStopping counter: 5 out of 10
Epoch: 22, Train Loss: 1.0820107506954764, Val Loss: 0.5316175222396851
EarlyStopping counter: 6 out of 10
Epoch: 23, Train Loss: 1.10051149927725, Val Loss: 0.5290762782096863
EarlyStopping counter: 7 out of 10
Epoch: 24, Train Loss: 1.0762111896605004, Val Loss: 0.5490760207176208
EarlyStopping counter: 8 out of 10
Epoch: 25, Train Loss: 1.0847023683270132, Val Loss: 0.5887480974197388
EarlyStopping counter: 9 out of 10
Epoch: 26, Train Loss: 1.1367929188285286, Val Loss: 0.5760912299156189
EarlyStopping counter: 10 out of 10
Early stopping
Test Loss: 0.5672441720962524
{'0': {'precision': 0.9639389736477115, 'recall': 0.6800391389432485, 'f1-score': 0.7974756167527253, 'support': 1022}, '1': {'precision': 0.3158995815899582, 'recall': 0.8531073446327684, 'f1-score': 0.46106870229007635, 'support': 177}, 'accuracy': 0.7055879899916597, 'macro avg': {'precision': 0.6399192776188348, 'recall': 0.7665732417880085, 'f1-score': 0.6292721595214008, 'support': 1199}, 'weighted avg': {'precision': 0.8682734420428554, 'recall': 0.7055879899916597, 'f1-score': 0.7478142123658288, 'support': 1199}}
[[695 327]
 [ 26 151]]
Accuracy = 0.7055879899916597
AUPRC = 0.5514342670820548
AUROC = 0.8601722555750883
Loading preprocessed datasets from ./processed_datasets
Loaded dataset from ./processed_datasets/physionet2012_4_pos.h5
Loaded dataset from ./processed_datasets/physionet2012_4_neg.h5
Loaded dataset from ./processed_datasets/physionet2012_4_val.h5
Loaded dataset from ./processed_datasets/physionet2012_4_test.h5
# of trainable parameters: 16448
Epoch: 1, Train Loss: 1.328817121889077, Val Loss: 0.5283545851707458
Validation loss decreased (inf --> 0.173821).  Saving model ...
Epoch: 2, Train Loss: 1.2444491442512065, Val Loss: 0.5092905163764954
Validation loss decreased (0.173821 --> 0.170229).  Saving model ...
Epoch: 3, Train Loss: 1.2341252726667067, Val Loss: 0.5105305910110474
Validation loss decreased (0.170229 --> 0.168007).  Saving model ...
Epoch: 4, Train Loss: 1.253183434757532, Val Loss: 0.511093020439148
EarlyStopping counter: 1 out of 10
Epoch: 5, Train Loss: 1.202276040759741, Val Loss: 0.5289772152900696
EarlyStopping counter: 2 out of 10
Epoch: 6, Train Loss: 1.188115222080081, Val Loss: 0.4663878083229065
EarlyStopping counter: 3 out of 10
Epoch: 7, Train Loss: 1.1836206216438143, Val Loss: 0.44651132822036743
Validation loss decreased (0.168007 --> 0.165326).  Saving model ...
Epoch: 8, Train Loss: 1.1774381352405923, Val Loss: 0.47413355112075806
EarlyStopping counter: 1 out of 10
Epoch: 9, Train Loss: 1.167423646590289, Val Loss: 0.4703251123428345
EarlyStopping counter: 2 out of 10
Epoch: 10, Train Loss: 1.1981272774584153, Val Loss: 0.45416560769081116
EarlyStopping counter: 3 out of 10
Epoch: 11, Train Loss: 1.1575246773514094, Val Loss: 0.48247256875038147
Validation loss decreased (0.165326 --> 0.161532).  Saving model ...
Epoch: 12, Train Loss: 1.1474991604393603, Val Loss: 0.4673675298690796
EarlyStopping counter: 1 out of 10
Epoch: 13, Train Loss: 1.177484629200954, Val Loss: 0.4832387864589691
EarlyStopping counter: 2 out of 10
Epoch: 14, Train Loss: 1.1313471436500548, Val Loss: 0.4740498661994934
EarlyStopping counter: 3 out of 10
Epoch: 15, Train Loss: 1.1218500149016286, Val Loss: 0.4914272725582123
EarlyStopping counter: 4 out of 10
Epoch: 16, Train Loss: 1.151301169161703, Val Loss: 0.4878186881542206
EarlyStopping counter: 5 out of 10
Epoch: 17, Train Loss: 1.1266450802485148, Val Loss: 0.4259531497955322
EarlyStopping counter: 6 out of 10
Epoch: 18, Train Loss: 1.1675124301629909, Val Loss: 0.49634650349617004
EarlyStopping counter: 7 out of 10
Epoch: 19, Train Loss: 1.106098064955543, Val Loss: 0.48044919967651367
EarlyStopping counter: 8 out of 10
Epoch: 20, Train Loss: 1.1033167874111849, Val Loss: 0.5589300394058228
EarlyStopping counter: 9 out of 10
Epoch: 21, Train Loss: 1.086540310756833, Val Loss: 0.505194365978241
EarlyStopping counter: 10 out of 10
Early stopping
Test Loss: 0.44712966680526733
{'0': {'precision': 0.9476190476190476, 'recall': 0.7803921568627451, 'f1-score': 0.8559139784946236, 'support': 1020}, '1': {'precision': 0.37604456824512533, 'recall': 0.7541899441340782, 'f1-score': 0.5018587360594795, 'support': 179}, 'accuracy': 0.7764804003336113, 'macro avg': {'precision': 0.6618318079320864, 'recall': 0.7672910504984116, 'f1-score': 0.6788863572770516, 'support': 1199}, 'weighted avg': {'precision': 0.8622880786382868, 'recall': 0.7764804003336113, 'f1-score': 0.8030566904246563, 'support': 1199}}
[[796 224]
 [ 44 135]]
Accuracy = 0.7764804003336113
AUPRC = 0.5619639239056899
AUROC = 0.8498137802607076
Loading preprocessed datasets from ./processed_datasets
Loaded dataset from ./processed_datasets/physionet2012_5_pos.h5
Loaded dataset from ./processed_datasets/physionet2012_5_neg.h5
Loaded dataset from ./processed_datasets/physionet2012_5_val.h5
Loaded dataset from ./processed_datasets/physionet2012_5_test.h5
# of trainable parameters: 16448
Epoch: 1, Train Loss: 1.3344713383250766, Val Loss: 0.4590313136577606
Validation loss decreased (inf --> 0.146028).  Saving model ...
Epoch: 2, Train Loss: 1.2679555507455291, Val Loss: 0.4488386809825897
Validation loss decreased (0.146028 --> 0.142829).  Saving model ...
Epoch: 3, Train Loss: 1.2505484063506582, Val Loss: 0.4623657464981079
EarlyStopping counter: 1 out of 10
Epoch: 4, Train Loss: 1.2780202654586441, Val Loss: 0.4497447907924652
Validation loss decreased (0.142829 --> 0.137049).  Saving model ...
Epoch: 5, Train Loss: 1.2274750391185512, Val Loss: 0.4222514033317566
EarlyStopping counter: 1 out of 10
Epoch: 6, Train Loss: 1.2166444978951494, Val Loss: 0.449655681848526
Validation loss decreased (0.137049 --> 0.133412).  Saving model ...
Epoch: 7, Train Loss: 1.2648094885650722, Val Loss: 0.4391835927963257
Validation loss decreased (0.133412 --> 0.131969).  Saving model ...
Epoch: 8, Train Loss: 1.2004742380302984, Val Loss: 0.4108036160469055
Validation loss decreased (0.131969 --> 0.130319).  Saving model ...
Epoch: 9, Train Loss: 1.2364634463841888, Val Loss: 0.46302634477615356
EarlyStopping counter: 1 out of 10
Epoch: 10, Train Loss: 1.176288860511049, Val Loss: 0.40178239345550537
EarlyStopping counter: 2 out of 10
Epoch: 11, Train Loss: 1.1990441828395215, Val Loss: 0.4031663239002228
EarlyStopping counter: 3 out of 10
Epoch: 12, Train Loss: 1.1640381486479807, Val Loss: 0.3799002766609192
EarlyStopping counter: 4 out of 10
Epoch: 13, Train Loss: 1.1566948077687815, Val Loss: 0.39302361011505127
EarlyStopping counter: 5 out of 10
Epoch: 14, Train Loss: 1.1936733138058835, Val Loss: 0.40860822796821594
EarlyStopping counter: 6 out of 10
Epoch: 15, Train Loss: 1.1370454563034906, Val Loss: 0.426229327917099
EarlyStopping counter: 7 out of 10
Epoch: 16, Train Loss: 1.1841001289100939, Val Loss: 0.4398706555366516
EarlyStopping counter: 8 out of 10
Epoch: 17, Train Loss: 1.1234751825588416, Val Loss: 0.3982323408126831
EarlyStopping counter: 9 out of 10
Epoch: 18, Train Loss: 1.1311904450029249, Val Loss: 0.41678181290626526
EarlyStopping counter: 10 out of 10
Early stopping
Test Loss: 0.41716721653938293
{'0': {'precision': 0.9553775743707094, 'recall': 0.8083252662149081, 'f1-score': 0.875721027792344, 'support': 1033}, '1': {'precision': 0.39076923076923076, 'recall': 0.7650602409638554, 'f1-score': 0.5173116089613035, 'support': 166}, 'accuracy': 0.8023352793994996, 'macro avg': {'precision': 0.6730734025699701, 'recall': 0.7866927535893817, 'f1-score': 0.6965163183768237, 'support': 1199}, 'weighted avg': {'precision': 0.8772082790931068, 'recall': 0.8023352793994996, 'f1-score': 0.8260997070867954, 'support': 1199}}
[[835 198]
 [ 39 127]]
Accuracy = 0.8023352793994996
AUPRC = 0.49374086937151374
AUROC = 0.8625654602922823
