Trial 1/4 - Params: {'learning_rate': 0.0005, 'num_bins': 256}
Epoch 1/50, Loss: 0.6907, Validation AUROC: 0.5631,  Validation AUPRC: 0.2139
Validation loss decreased (inf --> 0.690734).  Saving model ...
Epoch 2/50, Loss: 0.7287, Validation AUROC: 0.6182,  Validation AUPRC: 0.2445
EarlyStopping counter: 1 out of 10
Epoch 3/50, Loss: 0.6965, Validation AUROC: 0.5620,  Validation AUPRC: 0.2174
EarlyStopping counter: 2 out of 10
Epoch 4/50, Loss: 0.7119, Validation AUROC: 0.5820,  Validation AUPRC: 0.2189
EarlyStopping counter: 3 out of 10
Epoch 5/50, Loss: 0.6949, Validation AUROC: 0.5619,  Validation AUPRC: 0.2007
EarlyStopping counter: 4 out of 10
Epoch 6/50, Loss: 0.6537, Validation AUROC: 0.6848,  Validation AUPRC: 0.2845
Validation loss decreased (0.690734 --> 0.653743).  Saving model ...
Epoch 7/50, Loss: 0.6187, Validation AUROC: 0.7354,  Validation AUPRC: 0.3370
Validation loss decreased (0.653743 --> 0.618676).  Saving model ...
Epoch 8/50, Loss: 0.6059, Validation AUROC: 0.7411,  Validation AUPRC: 0.3294
Validation loss decreased (0.618676 --> 0.605910).  Saving model ...
Epoch 9/50, Loss: 0.5913, Validation AUROC: 0.7489,  Validation AUPRC: 0.3418
Validation loss decreased (0.605910 --> 0.591301).  Saving model ...
Epoch 10/50, Loss: 0.6020, Validation AUROC: 0.7445,  Validation AUPRC: 0.3477
EarlyStopping counter: 1 out of 10
Epoch 11/50, Loss: 0.6028, Validation AUROC: 0.7473,  Validation AUPRC: 0.3488
EarlyStopping counter: 2 out of 10
Epoch 12/50, Loss: 0.6061, Validation AUROC: 0.7470,  Validation AUPRC: 0.3483
EarlyStopping counter: 3 out of 10
Epoch 13/50, Loss: 0.6101, Validation AUROC: 0.7469,  Validation AUPRC: 0.3476
EarlyStopping counter: 4 out of 10
Epoch 14/50, Loss: 0.6080, Validation AUROC: 0.7472,  Validation AUPRC: 0.3472
EarlyStopping counter: 5 out of 10
Epoch 15/50, Loss: 0.6084, Validation AUROC: 0.7480,  Validation AUPRC: 0.3512
EarlyStopping counter: 6 out of 10
Epoch 16/50, Loss: 0.6090, Validation AUROC: 0.7480,  Validation AUPRC: 0.3512
EarlyStopping counter: 7 out of 10
Epoch 17/50, Loss: 0.6091, Validation AUROC: 0.7478,  Validation AUPRC: 0.3509
EarlyStopping counter: 8 out of 10
Epoch 18/50, Loss: 0.6102, Validation AUROC: 0.7479,  Validation AUPRC: 0.3512
EarlyStopping counter: 9 out of 10
Epoch 19/50, Loss: 0.6103, Validation AUROC: 0.7479,  Validation AUPRC: 0.3512
EarlyStopping counter: 10 out of 10
Early stopping triggered.
Trial 2/4 - Params: {'learning_rate': 0.001, 'num_bins': 256}
Epoch 1/50, Loss: 0.6903, Validation AUROC: 0.6121,  Validation AUPRC: 0.2458
Validation loss decreased (inf --> 0.690325).  Saving model ...
Epoch 2/50, Loss: 0.6338, Validation AUROC: 0.7217,  Validation AUPRC: 0.3558
Validation loss decreased (0.690325 --> 0.633778).  Saving model ...
Epoch 3/50, Loss: 0.5917, Validation AUROC: 0.7689,  Validation AUPRC: 0.4052
Validation loss decreased (0.633778 --> 0.591677).  Saving model ...
Epoch 4/50, Loss: 0.6002, Validation AUROC: 0.7682,  Validation AUPRC: 0.4136
EarlyStopping counter: 1 out of 10
Epoch 5/50, Loss: 0.6142, Validation AUROC: 0.7536,  Validation AUPRC: 0.3815
EarlyStopping counter: 2 out of 10
Epoch 6/50, Loss: 0.5727, Validation AUROC: 0.7729,  Validation AUPRC: 0.4031
Validation loss decreased (0.591677 --> 0.572718).  Saving model ...
Epoch 7/50, Loss: 0.5723, Validation AUROC: 0.7773,  Validation AUPRC: 0.4169
Validation loss decreased (0.572718 --> 0.572252).  Saving model ...
Epoch 8/50, Loss: 0.5853, Validation AUROC: 0.7759,  Validation AUPRC: 0.4245
EarlyStopping counter: 1 out of 10
Epoch 9/50, Loss: 0.5863, Validation AUROC: 0.7757,  Validation AUPRC: 0.4322
EarlyStopping counter: 2 out of 10
Epoch 10/50, Loss: 0.5768, Validation AUROC: 0.7788,  Validation AUPRC: 0.4389
EarlyStopping counter: 3 out of 10
Epoch 11/50, Loss: 0.5713, Validation AUROC: 0.7795,  Validation AUPRC: 0.4386
Validation loss decreased (0.572252 --> 0.571293).  Saving model ...
Epoch 12/50, Loss: 0.5710, Validation AUROC: 0.7798,  Validation AUPRC: 0.4391
Validation loss decreased (0.571293 --> 0.570976).  Saving model ...
Epoch 13/50, Loss: 0.5730, Validation AUROC: 0.7798,  Validation AUPRC: 0.4388
EarlyStopping counter: 1 out of 10
Epoch 14/50, Loss: 0.5727, Validation AUROC: 0.7798,  Validation AUPRC: 0.4389
EarlyStopping counter: 2 out of 10
Epoch 15/50, Loss: 0.5745, Validation AUROC: 0.7797,  Validation AUPRC: 0.4394
EarlyStopping counter: 3 out of 10
Epoch 16/50, Loss: 0.5744, Validation AUROC: 0.7797,  Validation AUPRC: 0.4395
EarlyStopping counter: 4 out of 10
Epoch 17/50, Loss: 0.5743, Validation AUROC: 0.7798,  Validation AUPRC: 0.4394
EarlyStopping counter: 5 out of 10
Epoch 18/50, Loss: 0.5745, Validation AUROC: 0.7798,  Validation AUPRC: 0.4394
EarlyStopping counter: 6 out of 10
Epoch 19/50, Loss: 0.5744, Validation AUROC: 0.7798,  Validation AUPRC: 0.4394
EarlyStopping counter: 7 out of 10
Epoch 20/50, Loss: 0.5741, Validation AUROC: 0.7798,  Validation AUPRC: 0.4393
EarlyStopping counter: 8 out of 10
Epoch 21/50, Loss: 0.5741, Validation AUROC: 0.7798,  Validation AUPRC: 0.4394
EarlyStopping counter: 9 out of 10
Epoch 22/50, Loss: 0.5741, Validation AUROC: 0.7798,  Validation AUPRC: 0.4394
EarlyStopping counter: 10 out of 10
Early stopping triggered.
Trial 3/4 - Params: {'learning_rate': 0.001, 'num_bins': 512}
Epoch 1/50, Loss: 0.6918, Validation AUROC: 0.5687,  Validation AUPRC: 0.2126
Validation loss decreased (inf --> 0.691762).  Saving model ...
Epoch 2/50, Loss: 0.6913, Validation AUROC: 0.5741,  Validation AUPRC: 0.2222
Validation loss decreased (0.691762 --> 0.691318).  Saving model ...
Epoch 3/50, Loss: 0.7303, Validation AUROC: 0.5833,  Validation AUPRC: 0.2171
EarlyStopping counter: 1 out of 10
Epoch 4/50, Loss: 0.7001, Validation AUROC: 0.5784,  Validation AUPRC: 0.2304
EarlyStopping counter: 2 out of 10
Epoch 5/50, Loss: 0.7174, Validation AUROC: 0.5286,  Validation AUPRC: 0.1895
EarlyStopping counter: 3 out of 10
Epoch 6/50, Loss: 0.6867, Validation AUROC: 0.5424,  Validation AUPRC: 0.1943
Validation loss decreased (0.691318 --> 0.686699).  Saving model ...
Epoch 7/50, Loss: 0.6915, Validation AUROC: 0.5497,  Validation AUPRC: 0.1939
EarlyStopping counter: 1 out of 10
Epoch 8/50, Loss: 0.6867, Validation AUROC: 0.5438,  Validation AUPRC: 0.1900
EarlyStopping counter: 2 out of 10
Epoch 9/50, Loss: 0.6884, Validation AUROC: 0.5559,  Validation AUPRC: 0.1959
EarlyStopping counter: 3 out of 10
Epoch 10/50, Loss: 0.6879, Validation AUROC: 0.5517,  Validation AUPRC: 0.1952
EarlyStopping counter: 4 out of 10
Epoch 11/50, Loss: 0.6874, Validation AUROC: 0.5566,  Validation AUPRC: 0.1977
EarlyStopping counter: 5 out of 10
Epoch 12/50, Loss: 0.6890, Validation AUROC: 0.5558,  Validation AUPRC: 0.1968
EarlyStopping counter: 6 out of 10
Epoch 13/50, Loss: 0.6875, Validation AUROC: 0.5558,  Validation AUPRC: 0.1967
EarlyStopping counter: 7 out of 10
Epoch 14/50, Loss: 0.6874, Validation AUROC: 0.5557,  Validation AUPRC: 0.1966
EarlyStopping counter: 8 out of 10
Epoch 15/50, Loss: 0.6877, Validation AUROC: 0.5564,  Validation AUPRC: 0.1971
EarlyStopping counter: 9 out of 10
Epoch 16/50, Loss: 0.6877, Validation AUROC: 0.5562,  Validation AUPRC: 0.1971
EarlyStopping counter: 10 out of 10
Early stopping triggered.
Trial 4/4 - Params: {'learning_rate': 0.001, 'num_bins': 512}
Epoch 1/50, Loss: 0.7209, Validation AUROC: 0.6475,  Validation AUPRC: 0.2711
Validation loss decreased (inf --> 0.720877).  Saving model ...
Epoch 2/50, Loss: 0.6759, Validation AUROC: 0.7143,  Validation AUPRC: 0.3556
Validation loss decreased (0.720877 --> 0.675863).  Saving model ...
Epoch 3/50, Loss: 0.6120, Validation AUROC: 0.7544,  Validation AUPRC: 0.3775
Validation loss decreased (0.675863 --> 0.612034).  Saving model ...
Epoch 4/50, Loss: 0.5840, Validation AUROC: 0.7643,  Validation AUPRC: 0.3768
Validation loss decreased (0.612034 --> 0.583986).  Saving model ...
Epoch 5/50, Loss: 0.6097, Validation AUROC: 0.7674,  Validation AUPRC: 0.3607
EarlyStopping counter: 1 out of 10
Epoch 6/50, Loss: 0.5707, Validation AUROC: 0.7729,  Validation AUPRC: 0.3945
Validation loss decreased (0.583986 --> 0.570663).  Saving model ...
Epoch 7/50, Loss: 0.5825, Validation AUROC: 0.7728,  Validation AUPRC: 0.3968
EarlyStopping counter: 1 out of 10
Epoch 8/50, Loss: 0.5894, Validation AUROC: 0.7718,  Validation AUPRC: 0.3969
EarlyStopping counter: 2 out of 10
Epoch 9/50, Loss: 0.5885, Validation AUROC: 0.7788,  Validation AUPRC: 0.4062
EarlyStopping counter: 3 out of 10
Epoch 10/50, Loss: 0.5941, Validation AUROC: 0.7708,  Validation AUPRC: 0.3982
EarlyStopping counter: 4 out of 10
Epoch 11/50, Loss: 0.5998, Validation AUROC: 0.7719,  Validation AUPRC: 0.4012
EarlyStopping counter: 5 out of 10
Epoch 12/50, Loss: 0.6003, Validation AUROC: 0.7726,  Validation AUPRC: 0.4016
EarlyStopping counter: 6 out of 10
Epoch 13/50, Loss: 0.6049, Validation AUROC: 0.7711,  Validation AUPRC: 0.4005
EarlyStopping counter: 7 out of 10
Epoch 14/50, Loss: 0.6091, Validation AUROC: 0.7720,  Validation AUPRC: 0.4037
EarlyStopping counter: 8 out of 10
Epoch 15/50, Loss: 0.6111, Validation AUROC: 0.7717,  Validation AUPRC: 0.4032
EarlyStopping counter: 9 out of 10
Epoch 16/50, Loss: 0.6116, Validation AUROC: 0.7717,  Validation AUPRC: 0.4029
EarlyStopping counter: 10 out of 10
Early stopping triggered.
Best Hyperparameters: {'learning_rate': 0.001, 'num_bins': 256}
Test Loss: 0.5455, Test Accuracy: 0.6806, Test AUROC: 0.8131, Test AUPRC: 0.4024
